#
# There is insufficient memory for the Java Runtime Environment to continue.
# Native memory allocation (malloc) failed to allocate 1227792 bytes. Error detail: Chunk::new
# Possible reasons:
#   The system is out of physical RAM or swap space
#   This process is running with CompressedOops enabled, and the Java Heap may be blocking the growth of the native heap
# Possible solutions:
#   Reduce memory load on the system
#   Increase physical memory or swap space
#   Check if swap backing store is full
#   Decrease Java heap size (-Xmx/-Xms)
#   Decrease number of Java threads
#   Decrease Java thread stack sizes (-Xss)
#   Set larger code cache with -XX:ReservedCodeCacheSize=
#   JVM is running with Unscaled Compressed Oops mode in which the Java heap is
#     placed in the first 4GB address space. The Java Heap base address is the
#     maximum limit for the native heap growth. Please use -XX:HeapBaseMinAddress
#     to set the Java Heap base and to place the Java Heap above 4GB virtual address.
# This output file may be truncated or incomplete.
#
#  Out of Memory Error (arena.cpp:168), pid=21712, tid=15028
#
# JRE version: OpenJDK Runtime Environment Temurin-21.0.8+9 (21.0.8+9) (build 21.0.8+9-LTS)
# Java VM: OpenJDK 64-Bit Server VM Temurin-21.0.8+9 (21.0.8+9-LTS, mixed mode, sharing, tiered, compressed oops, compressed class ptrs, parallel gc, windows-amd64)
# No core dump will be written. Minidumps are not enabled by default on client versions of Windows
#

---------------  S U M M A R Y ------------

Command Line: --add-modules=ALL-SYSTEM --add-opens=java.base/java.util=ALL-UNNAMED --add-opens=java.base/java.lang=ALL-UNNAMED --add-opens=java.base/sun.nio.fs=ALL-UNNAMED -Declipse.application=org.eclipse.jdt.ls.core.id1 -Dosgi.bundles.defaultStartLevel=4 -Declipse.product=org.eclipse.jdt.ls.core.product -Djava.import.generatesMetadataFilesAtProjectRoot=false -DDetectVMInstallationsJob.disabled=true -Dfile.encoding=utf8 -XX:+UseParallelGC -XX:GCTimeRatio=4 -XX:AdaptiveSizePolicyWeight=90 -Dsun.zip.disableMemoryMapping=true -Xmx2G -Xms100m -Xlog:disable -javaagent:c:\Users\us\.cursor\extensions\redhat.java-1.45.0-win32-x64\lombok\lombok-1.18.39-4050.jar -XX:+HeapDumpOnOutOfMemoryError -XX:HeapDumpPath=c:\Users\us\AppData\Roaming\Cursor\User\workspaceStorage\a6af35b8f77868739f8483481f509557\redhat.java -Daether.dependencyCollector.impl=bf c:\Users\us\.cursor\extensions\redhat.java-1.45.0-win32-x64\server\plugins\org.eclipse.equinox.launcher_1.7.0.v20250519-0528.jar -configuration c:\Users\us\AppData\Roaming\Cursor\User\globalStorage\redhat.java\1.45.0\config_win -data c:\Users\us\AppData\Roaming\Cursor\User\workspaceStorage\a6af35b8f77868739f8483481f509557\redhat.java\jdt_ws --pipe=\\.\pipe\lsp-def2fec5083b669eda10c66b86d38f4f-sock

Host: 11th Gen Intel(R) Core(TM) i5-1145G7 @ 2.60GHz, 8 cores, 15G,  Windows 11 , 64 bit Build 26100 (10.0.26100.4768)
Time: Tue Sep  9 16:38:39 2025 India Standard Time elapsed time: 125.851519 seconds (0d 0h 2m 5s)

---------------  T H R E A D  ---------------

Current thread (0x000001efdbb673d0):  JavaThread "C2 CompilerThread0" daemon [_thread_in_native, id=15028, stack(0x00000010a7200000,0x00000010a7300000) (1024K)]


Current CompileTask:
C2:125851 19052   !   4       com.google.gson.internal.bind.ReflectiveTypeAdapterFactory$2::write (140 bytes)

Stack: [0x00000010a7200000,0x00000010a7300000]
Native frames: (J=compiled Java code, j=interpreted, Vv=VM code, C=native code)
V  [jvm.dll+0x6d2449]
V  [jvm.dll+0x8ae341]
V  [jvm.dll+0x8b08be]
V  [jvm.dll+0x8b0fa3]
V  [jvm.dll+0x280c96]
V  [jvm.dll+0xc581d]
V  [jvm.dll+0xc5d53]
V  [jvm.dll+0x3b919c]
V  [jvm.dll+0x1e1409]
V  [jvm.dll+0x249022]
V  [jvm.dll+0x2484af]
V  [jvm.dll+0x1c89ee]
V  [jvm.dll+0x257d4d]
V  [jvm.dll+0x2562ea]
V  [jvm.dll+0x3f2d16]
V  [jvm.dll+0x857e6b]
V  [jvm.dll+0x6d0b0d]
C  [ucrtbase.dll+0x37b0]
C  [KERNEL32.DLL+0x2e8d7]
C  [ntdll.dll+0x3c34c]


---------------  P R O C E S S  ---------------

Threads class SMR info:
_java_thread_list=0x000001effedfd0c0, length=68, elements={
0x000001efdbbf0c00, 0x000001efdbb5d290, 0x000001efdbb5e140, 0x000001efdbb64c90,
0x000001efdbb67e10, 0x000001efdbb65b40, 0x000001efdbb661a0, 0x000001efdbb673d0,
0x000001eff804b5d0, 0x000001eff80c50a0, 0x000001eff827ba70, 0x000001eff882ec00,
0x000001eff8b5ca90, 0x000001eff8d45060, 0x000001eff840f4b0, 0x000001eff86e2670,
0x000001eff8e060e0, 0x000001eff85d82e0, 0x000001eff85d9000, 0x000001eff85db760,
0x000001eff85d9690, 0x000001eff85d8970, 0x000001eff85db0d0, 0x000001eff85d9d20,
0x000001eff85da3b0, 0x000001eff85daa40, 0x000001eff97c3630, 0x000001eff97c2910,
0x000001eff97c5700, 0x000001eff97c49e0, 0x000001eff97c4350, 0x000001eff97c2280,
0x000001eff97c3cc0, 0x000001eff97c6420, 0x000001eff97c2fa0, 0x000001eff97c84f0,
0x000001eff97c6ab0, 0x000001eff97c5070, 0x000001eff97c8b80, 0x000001effd411380,
0x000001effd40ffd0, 0x000001effd413ae0, 0x000001effd410660, 0x000001effd414e90,
0x000001effd416240, 0x000001effd414800, 0x000001effd4168d0, 0x000001effd416f60,
0x000001effd415bb0, 0x000001effd4175f0, 0x000001effbbbbb60, 0x000001effbbbae40,
0x000001effbbbf670, 0x000001effbbbefe0, 0x000001effbbbe950, 0x000001effbbbfd00,
0x000001effbbc0390, 0x000001effbbc0a20, 0x000001effb16f250, 0x000001effb16f8e0,
0x000001effb170600, 0x000001effb16d180, 0x000001effb170c90, 0x000001effb1747a0,
0x000001effb1733f0, 0x000001efff38df10, 0x000001effb16dea0, 0x000001effb1719b0
}

Java Threads: ( => current thread )
  0x000001efdbbf0c00 JavaThread "main"                              [_thread_blocked, id=12316, stack(0x00000010a6800000,0x00000010a6900000) (1024K)]
  0x000001efdbb5d290 JavaThread "Reference Handler"          daemon [_thread_blocked, id=13528, stack(0x00000010a6c00000,0x00000010a6d00000) (1024K)]
  0x000001efdbb5e140 JavaThread "Finalizer"                  daemon [_thread_blocked, id=10052, stack(0x00000010a6d00000,0x00000010a6e00000) (1024K)]
  0x000001efdbb64c90 JavaThread "Signal Dispatcher"          daemon [_thread_blocked, id=13708, stack(0x00000010a6e00000,0x00000010a6f00000) (1024K)]
  0x000001efdbb67e10 JavaThread "Attach Listener"            daemon [_thread_blocked, id=11456, stack(0x00000010a6f00000,0x00000010a7000000) (1024K)]
  0x000001efdbb65b40 JavaThread "Service Thread"             daemon [_thread_blocked, id=21736, stack(0x00000010a7000000,0x00000010a7100000) (1024K)]
  0x000001efdbb661a0 JavaThread "Monitor Deflation Thread"   daemon [_thread_blocked, id=26072, stack(0x00000010a7100000,0x00000010a7200000) (1024K)]
=>0x000001efdbb673d0 JavaThread "C2 CompilerThread0"         daemon [_thread_in_native, id=15028, stack(0x00000010a7200000,0x00000010a7300000) (1024K)]
  0x000001eff804b5d0 JavaThread "C1 CompilerThread0"         daemon [_thread_in_native, id=25196, stack(0x00000010a7300000,0x00000010a7400000) (1024K)]
  0x000001eff80c50a0 JavaThread "Common-Cleaner"             daemon [_thread_blocked, id=2392, stack(0x00000010a7400000,0x00000010a7500000) (1024K)]
  0x000001eff827ba70 JavaThread "Notification Thread"        daemon [_thread_blocked, id=14520, stack(0x00000010a7500000,0x00000010a7600000) (1024K)]
  0x000001eff882ec00 JavaThread "Active Thread: Equinox Container: 213ae69f-f1e1-4a17-aabc-577abbc889cd"        [_thread_blocked, id=25916, stack(0x00000010a7700000,0x00000010a7800000) (1024K)]
  0x000001eff8b5ca90 JavaThread "Refresh Thread: Equinox Container: 213ae69f-f1e1-4a17-aabc-577abbc889cd" daemon [_thread_blocked, id=19892, stack(0x00000010a7600000,0x00000010a7700000) (1024K)]
  0x000001eff8d45060 JavaThread "Framework Event Dispatcher: Equinox Container: 213ae69f-f1e1-4a17-aabc-577abbc889cd" daemon [_thread_blocked, id=25180, stack(0x00000010a7f00000,0x00000010a8000000) (1024K)]
  0x000001eff840f4b0 JavaThread "Start Level: Equinox Container: 213ae69f-f1e1-4a17-aabc-577abbc889cd" daemon [_thread_blocked, id=15256, stack(0x00000010a8000000,0x00000010a8100000) (1024K)]
  0x000001eff86e2670 JavaThread "Bundle File Closer"         daemon [_thread_blocked, id=25608, stack(0x00000010a8100000,0x00000010a8200000) (1024K)]
  0x000001eff8e060e0 JavaThread "SCR Component Actor"        daemon [_thread_blocked, id=5864, stack(0x00000010a6600000,0x00000010a6700000) (1024K)]
  0x000001eff85d82e0 JavaThread "Worker-JM"                         [_thread_blocked, id=12320, stack(0x00000010a8400000,0x00000010a8500000) (1024K)]
  0x000001eff85d9000 JavaThread "JNA Cleaner"                daemon [_thread_blocked, id=24284, stack(0x00000010a8300000,0x00000010a8400000) (1024K)]
  0x000001eff85db760 JavaThread "Worker-0: Building"                [_thread_blocked, id=25352, stack(0x00000010a8500000,0x00000010a8600000) (1024K)]
  0x000001eff85d9690 JavaThread "Worker-1"                          [_thread_blocked, id=23640, stack(0x00000010a8600000,0x00000010a8700000) (1024K)]
  0x000001eff85d8970 JavaThread "Java indexing"              daemon [_thread_blocked, id=23416, stack(0x00000010a8900000,0x00000010a8a00000) (1024K)]
  0x000001eff85db0d0 JavaThread "Worker-2"                          [_thread_blocked, id=7124, stack(0x00000010a8a00000,0x00000010a8b00000) (1024K)]
  0x000001eff85d9d20 JavaThread "Worker-3"                          [_thread_blocked, id=19752, stack(0x00000010a8d00000,0x00000010a8e00000) (1024K)]
  0x000001eff85da3b0 JavaThread "Worker-4"                          [_thread_blocked, id=12116, stack(0x00000010a8f00000,0x00000010a9000000) (1024K)]
  0x000001eff85daa40 JavaThread "Thread-2"                   daemon [_thread_in_native, id=24316, stack(0x00000010a9000000,0x00000010a9100000) (1024K)]
  0x000001eff97c3630 JavaThread "Thread-3"                   daemon [_thread_in_native, id=7216, stack(0x00000010a9100000,0x00000010a9200000) (1024K)]
  0x000001eff97c2910 JavaThread "Thread-4"                   daemon [_thread_in_native, id=24640, stack(0x00000010a9200000,0x00000010a9300000) (1024K)]
  0x000001eff97c5700 JavaThread "Thread-5"                   daemon [_thread_in_native, id=24740, stack(0x00000010a9300000,0x00000010a9400000) (1024K)]
  0x000001eff97c49e0 JavaThread "Thread-6"                   daemon [_thread_in_native, id=25704, stack(0x00000010a9400000,0x00000010a9500000) (1024K)]
  0x000001eff97c4350 JavaThread "Thread-7"                   daemon [_thread_in_native, id=15620, stack(0x00000010a9500000,0x00000010a9600000) (1024K)]
  0x000001eff97c2280 JavaThread "Thread-8"                   daemon [_thread_in_native, id=26376, stack(0x00000010a9600000,0x00000010a9700000) (1024K)]
  0x000001eff97c3cc0 JavaThread "Thread-9"                   daemon [_thread_in_native, id=11688, stack(0x00000010a9700000,0x00000010a9800000) (1024K)]
  0x000001eff97c6420 JavaThread "Thread-10"                  daemon [_thread_in_native, id=6012, stack(0x00000010a9800000,0x00000010a9900000) (1024K)]
  0x000001eff97c2fa0 JavaThread "pool-2-thread-1"                   [_thread_blocked, id=23524, stack(0x00000010a9900000,0x00000010a9a00000) (1024K)]
  0x000001eff97c84f0 JavaThread "Worker-5: Initialize workspace"        [_thread_blocked, id=16628, stack(0x00000010a9b00000,0x00000010a9c00000) (1024K)]
  0x000001eff97c6ab0 JavaThread "Worker-6"                          [_thread_blocked, id=19956, stack(0x00000010a9c00000,0x00000010a9d00000) (1024K)]
  0x000001eff97c5070 JavaThread "WorkspaceEventsHandler"            [_thread_blocked, id=8252, stack(0x00000010a9d00000,0x00000010a9e00000) (1024K)]
  0x000001eff97c8b80 JavaThread "pool-1-thread-1"                   [_thread_blocked, id=18216, stack(0x00000010a9e00000,0x00000010a9f00000) (1024K)]
  0x000001effd411380 JavaThread "LocalFile Deleter"          daemon [_thread_in_native, id=19240, stack(0x00000010aa700000,0x00000010aa800000) (1024K)]
  0x000001effd40ffd0 JavaThread "LocalFile Deleter"          daemon [_thread_in_native, id=7496, stack(0x00000010aa900000,0x00000010aaa00000) (1024K)]
  0x000001effd413ae0 JavaThread "LocalFile Deleter"          daemon [_thread_in_native, id=9976, stack(0x00000010aaa00000,0x00000010aab00000) (1024K)]
  0x000001effd410660 JavaThread "LocalFile Deleter"          daemon [_thread_in_native, id=25040, stack(0x00000010aab00000,0x00000010aac00000) (1024K)]
  0x000001effd414e90 JavaThread "LocalFile Deleter"          daemon [_thread_in_native, id=6768, stack(0x00000010aac00000,0x00000010aad00000) (1024K)]
  0x000001effd416240 JavaThread "LocalFile Deleter"          daemon [_thread_in_native, id=10172, stack(0x00000010aad00000,0x00000010aae00000) (1024K)]
  0x000001effd414800 JavaThread "Compiler Source File Reader" daemon [_thread_blocked, id=2548, stack(0x00000010aaf00000,0x00000010ab000000) (1024K)]
  0x000001effd4168d0 JavaThread "Compiler Source File Reader" daemon [_thread_blocked, id=7196, stack(0x00000010ab000000,0x00000010ab100000) (1024K)]
  0x000001effd416f60 JavaThread "Compiler Source File Reader" daemon [_thread_blocked, id=1332, stack(0x00000010ab100000,0x00000010ab200000) (1024K)]
  0x000001effd415bb0 JavaThread "Compiler Source File Reader" daemon [_thread_blocked, id=6500, stack(0x00000010ab200000,0x00000010ab300000) (1024K)]
  0x000001effd4175f0 JavaThread "Compiler Source File Reader" daemon [_thread_blocked, id=25540, stack(0x00000010ab300000,0x00000010ab400000) (1024K)]
  0x000001effbbbbb60 JavaThread "Compiler Source File Reader" daemon [_thread_blocked, id=9340, stack(0x00000010ab400000,0x00000010ab500000) (1024K)]
  0x000001effbbbae40 JavaThread "Compiler Processing Task"   daemon [_thread_blocked, id=24408, stack(0x00000010a8800000,0x00000010a8900000) (1024K)]
  0x000001effbbbf670 JavaThread "Compiler Class File Writer" daemon [_thread_blocked, id=19140, stack(0x00000010a8700000,0x00000010a8800000) (1024K)]
  0x000001effbbbefe0 JavaThread "Compiler Class File Writer" daemon [_thread_blocked, id=16976, stack(0x00000010a9f00000,0x00000010aa000000) (1024K)]
  0x000001effbbbe950 JavaThread "Compiler Class File Writer" daemon [_thread_blocked, id=12632, stack(0x00000010aa000000,0x00000010aa100000) (1024K)]
  0x000001effbbbfd00 JavaThread "Compiler Class File Writer" daemon [_thread_blocked, id=14664, stack(0x00000010aa100000,0x00000010aa200000) (1024K)]
  0x000001effbbc0390 JavaThread "Compiler Class File Writer" daemon [_thread_blocked, id=18176, stack(0x00000010aa200000,0x00000010aa300000) (1024K)]
  0x000001effbbc0a20 JavaThread "Compiler Class File Writer" daemon [_thread_blocked, id=18584, stack(0x00000010aa300000,0x00000010aa400000) (1024K)]
  0x000001effb16f250 JavaThread "ForkJoinPool.commonPool-worker-1" daemon [_thread_blocked, id=20436, stack(0x00000010a6700000,0x00000010a6800000) (1024K)]
  0x000001effb16f8e0 JavaThread "ForkJoinPool.commonPool-worker-2" daemon [_thread_blocked, id=16700, stack(0x00000010a8200000,0x00000010a8300000) (1024K)]
  0x000001effb170600 JavaThread "ForkJoinPool.commonPool-worker-3" daemon [_thread_in_vm, id=24952, stack(0x00000010a8e00000,0x00000010a8f00000) (1024K)]
  0x000001effb16d180 JavaThread "ForkJoinPool.commonPool-worker-4" daemon [_thread_blocked, id=17772, stack(0x00000010aa400000,0x00000010aa500000) (1024K)]
  0x000001effb170c90 JavaThread "ForkJoinPool.commonPool-worker-5" daemon [_thread_blocked, id=18284, stack(0x00000010aa500000,0x00000010aa600000) (1024K)]
  0x000001effb1747a0 JavaThread "ForkJoinPool.commonPool-worker-6" daemon [_thread_blocked, id=19872, stack(0x00000010ab500000,0x00000010ab600000) (1024K)]
  0x000001effb1733f0 JavaThread "ForkJoinPool.commonPool-worker-7" daemon [_thread_blocked, id=3248, stack(0x00000010ab600000,0x00000010ab700000) (1024K)]
  0x000001efff38df10 JavaThread "C2 CompilerThread1"         daemon [_thread_in_vm, id=12024, stack(0x00000010aa600000,0x00000010aa700000) (1024K)]
  0x000001effb16dea0 JavaThread "LocalFile Deleter"          daemon [_thread_in_native, id=17284, stack(0x00000010aa800000,0x00000010aa900000) (1024K)]
  0x000001effb1719b0 JavaThread "LocalFile Deleter"          daemon [_thread_in_native, id=18800, stack(0x00000010aae00000,0x00000010aaf00000) (1024K)]
Total: 68

Other Threads:
  0x000001efdbcaebb0 VMThread "VM Thread"                           [id=20152, stack(0x00000010a6b00000,0x00000010a6c00000) (1024K)]
  0x000001efdbc5c560 WatcherThread "VM Periodic Task Thread"        [id=25464, stack(0x00000010a6a00000,0x00000010a6b00000) (1024K)]
  0x000001efdbc0ff20 WorkerThread "GC Thread#0"                     [id=21652, stack(0x00000010a6900000,0x00000010a6a00000) (1024K)]
  0x000001eff83470b0 WorkerThread "GC Thread#1"                     [id=22240, stack(0x00000010a7800000,0x00000010a7900000) (1024K)]
  0x000001eff8347450 WorkerThread "GC Thread#2"                     [id=4680, stack(0x00000010a7900000,0x00000010a7a00000) (1024K)]
  0x000001eff83477f0 WorkerThread "GC Thread#3"                     [id=13452, stack(0x00000010a7a00000,0x00000010a7b00000) (1024K)]
  0x000001eff8347b90 WorkerThread "GC Thread#4"                     [id=7060, stack(0x00000010a7b00000,0x00000010a7c00000) (1024K)]
  0x000001eff8347f30 WorkerThread "GC Thread#5"                     [id=19108, stack(0x00000010a7c00000,0x00000010a7d00000) (1024K)]
  0x000001eff853e270 WorkerThread "GC Thread#6"                     [id=17680, stack(0x00000010a7d00000,0x00000010a7e00000) (1024K)]
  0x000001eff8ad83a0 WorkerThread "GC Thread#7"                     [id=14280, stack(0x00000010a7e00000,0x00000010a7f00000) (1024K)]
Total: 10

Threads with active compile tasks:
C2 CompilerThread0  125888 19052   !   4       com.google.gson.internal.bind.ReflectiveTypeAdapterFactory$2::write (140 bytes)
C1 CompilerThread0  125888 19117       3       org.eclipse.jdt.internal.compiler.SourceElementParser::checkComment (723 bytes)
C2 CompilerThread1  125888 19104       4       java.net.URI::decode (376 bytes)
Total: 3

VM state: not at safepoint (normal execution)

VM Mutex/Monitor currently owned by a thread: None

Heap address: 0x0000000080000000, size: 2048 MB, Compressed Oops mode: 32-bit

CDS archive(s) mapped at: [0x000001ef80000000-0x000001ef80ba0000-0x000001ef80ba0000), size 12189696, SharedBaseAddress: 0x000001ef80000000, ArchiveRelocationMode: 1.
Compressed class space mapped at: 0x000001ef81000000-0x000001efc1000000, reserved size: 1073741824
Narrow klass base: 0x000001ef80000000, Narrow klass shift: 0, Narrow klass range: 0x100000000

GC Precious Log:
 CardTable entry size: 512
 CPUs: 8 total, 8 available
 Memory: 16118M
 Large Page Support: Disabled
 NUMA Support: Disabled
 Compressed Oops: Enabled (32-bit)
 Alignments: Space 512K, Generation 512K, Heap 2M
 Heap Min Capacity: 100M
 Heap Initial Capacity: 100M
 Heap Max Capacity: 2G
 Pre-touch: Disabled
 Parallel Workers: 8

Heap:
 PSYoungGen      total 14336K, used 6454K [0x00000000d5580000, 0x00000000d6880000, 0x0000000100000000)
  eden space 13824K, 43% used [0x00000000d5580000,0x00000000d5b59b18,0x00000000d6300000)
  from space 512K, 90% used [0x00000000d6800000,0x00000000d6874010,0x00000000d6880000)
  to   space 1024K, 0% used [0x00000000d6680000,0x00000000d6680000,0x00000000d6780000)
 ParOldGen       total 1001984K, used 1001564K [0x0000000080000000, 0x00000000bd280000, 0x00000000d5580000)
  object space 1001984K, 99% used [0x0000000080000000,0x00000000bd217030,0x00000000bd280000)
 Metaspace       used 82804K, committed 84544K, reserved 1179648K
  class space    used 8682K, committed 9472K, reserved 1048576K

Card table byte_map: [0x000001efdb590000,0x000001efdb9a0000] _byte_map_base: 0x000001efdb190000

Marking Bits: (ParMarkBitMap*) 0x00007ffcf093a340
 Begin Bits: [0x000001efee090000, 0x000001eff0090000)
 End Bits:   [0x000001eff0090000, 0x000001eff2090000)

Polling page: 0x000001efd99c0000

Metaspace:

Usage:
  Non-class:     72.38 MB used.
      Class:      8.48 MB used.
       Both:     80.86 MB used.

Virtual space:
  Non-class space:      128.00 MB reserved,      73.31 MB ( 57%) committed,  2 nodes.
      Class space:        1.00 GB reserved,       9.25 MB ( <1%) committed,  1 nodes.
             Both:        1.12 GB reserved,      82.56 MB (  7%) committed. 

Chunk freelists:
   Non-Class:  5.91 MB
       Class:  6.63 MB
        Both:  12.54 MB

MaxMetaspaceSize: unlimited
CompressedClassSpaceSize: 1.00 GB
Initial GC threshold: 21.00 MB
Current GC threshold: 125.31 MB
CDS: on
 - commit_granule_bytes: 65536.
 - commit_granule_words: 8192.
 - virtual_space_node_default_size: 8388608.
 - enlarge_chunks_in_place: 1.
 - use_allocation_guard: 0.


Internal statistics:

num_allocs_failed_limit: 9.
num_arena_births: 1568.
num_arena_deaths: 22.
num_vsnodes_births: 3.
num_vsnodes_deaths: 0.
num_space_committed: 1320.
num_space_uncommitted: 0.
num_chunks_returned_to_freelist: 34.
num_chunks_taken_from_freelist: 5552.
num_chunk_merges: 17.
num_chunk_splits: 3293.
num_chunks_enlarged: 1735.
num_inconsistent_stats: 0.

CodeHeap 'non-profiled nmethods': size=120000Kb used=18097Kb max_used=18097Kb free=101902Kb
 bounds [0x000001efe68b0000, 0x000001efe7a60000, 0x000001efedde0000]
CodeHeap 'profiled nmethods': size=120000Kb used=43604Kb max_used=43604Kb free=76395Kb
 bounds [0x000001efdede0000, 0x000001efe1880000, 0x000001efe6310000]
CodeHeap 'non-nmethods': size=5760Kb used=1537Kb max_used=1606Kb free=4222Kb
 bounds [0x000001efe6310000, 0x000001efe6580000, 0x000001efe68b0000]
CodeCache: size=245760Kb, used=63238Kb, max_used=63307Kb, free=182519Kb
 total_blobs=18032, nmethods=17182, adapters=754, full_count=0
Compilation: enabled, stopped_count=0, restarted_count=0

Compilation events (20 events):
Event: 124.824 Thread 0x000001eff804b5d0 19073   !   3       org.eclipse.jdt.ls.core.internal.ConnectionStreamFactory$NamedPipeOutputStream::write (130 bytes)
Event: 124.825 Thread 0x000001eff804b5d0 nmethod 19073 0x000001efe185fa90 code [0x000001efe185fcc0, 0x000001efe18603c0]
Event: 124.830 Thread 0x000001eff804b5d0 19074       3       java.lang.invoke.LambdaForm$MH/0x000001ef81222000::linkToTargetMethod (13 bytes)
Event: 124.830 Thread 0x000001eff804b5d0 nmethod 19074 0x000001efe1860690 code [0x000001efe1860860, 0x000001efe1860b18]
Event: 124.830 Thread 0x000001eff804b5d0 19077 %     3       org.eclipse.core.internal.watson.ElementTreeIterator::requestPath @ 21 (100 bytes)
Event: 124.831 Thread 0x000001eff804b5d0 nmethod 19077% 0x000001efe1860c10 code [0x000001efe1860ea0, 0x000001efe1861960]
Event: 124.831 Thread 0x000001eff804b5d0 19076       3       org.eclipse.core.internal.resources.MarkerManager$$Lambda/0x000001ef81619158::visitElement (23 bytes)
Event: 124.832 Thread 0x000001eff804b5d0 nmethod 19076 0x000001efe1861e90 code [0x000001efe1862040, 0x000001efe18621a8]
Event: 124.832 Thread 0x000001eff804b5d0 19075       3       java.lang.invoke.LambdaForm$DMH/0x000001ef81221800::newInvokeSpecial (30 bytes)
Event: 124.832 Thread 0x000001eff804b5d0 nmethod 19075 0x000001efe1862290 code [0x000001efe1862480, 0x000001efe1862a48]
Event: 124.835 Thread 0x000001eff804b5d0 19079       3       org.eclipse.core.internal.jobs.DeadlockDetector::computeConflicting (124 bytes)
Event: 124.837 Thread 0x000001eff804b5d0 nmethod 19079 0x000001efe1862c10 code [0x000001efe1862f00, 0x000001efe1864390]
Event: 124.839 Thread 0x000001eff804b5d0 19080       3       org.eclipse.jdt.internal.core.builder.ClasspathJrt::addRequired (90 bytes)
Event: 124.840 Thread 0x000001eff804b5d0 nmethod 19080 0x000001efe1864a90 code [0x000001efe1864cc0, 0x000001efe18654b0]
Event: 124.845 Thread 0x000001eff804b5d0 19081       3       org.eclipse.core.runtime.jobs.Job::wakeUp (6 bytes)
Event: 124.846 Thread 0x000001eff804b5d0 nmethod 19081 0x000001efe1865810 code [0x000001efe18659c0, 0x000001efe1865b90]
Event: 124.865 Thread 0x000001eff804b5d0 19082       1       com.sun.org.apache.xerces.internal.dom.CoreDocumentImpl::changes (5 bytes)
Event: 124.865 Thread 0x000001eff804b5d0 nmethod 19082 0x000001efe7a5a510 code [0x000001efe7a5a6a0, 0x000001efe7a5a768]
Event: 124.867 Thread 0x000001eff804b5d0 19083       1       org.eclipse.jdt.internal.compiler.classfmt.ClassFileConstants::getLatestJDKLevel (4 bytes)
Event: 124.867 Thread 0x000001eff804b5d0 nmethod 19083 0x000001efe7a5a810 code [0x000001efe7a5a9a0, 0x000001efe7a5aa50]

GC Heap History (20 events):
Event: 123.884 GC heap after
{Heap after GC invocations=1964 (full 4):
 PSYoungGen      total 11776K, used 384K [0x00000000d5580000, 0x00000000d6a00000, 0x0000000100000000)
  eden space 11264K, 0% used [0x00000000d5580000,0x00000000d5580000,0x00000000d6080000)
  from space 512K, 75% used [0x00000000d6980000,0x00000000d69e0000,0x00000000d6a00000)
  to   space 512K, 0% used [0x00000000d6900000,0x00000000d6900000,0x00000000d6980000)
 ParOldGen       total 995328K, used 995177K [0x0000000080000000, 0x00000000bcc00000, 0x00000000d5580000)
  object space 995328K, 99% used [0x0000000080000000,0x00000000bcbda4c0,0x00000000bcc00000)
 Metaspace       used 82671K, committed 84416K, reserved 1179648K
  class space    used 8672K, committed 9472K, reserved 1048576K
}
Event: 123.923 GC heap before
{Heap before GC invocations=1965 (full 4):
 PSYoungGen      total 11776K, used 11647K [0x00000000d5580000, 0x00000000d6a00000, 0x0000000100000000)
  eden space 11264K, 99% used [0x00000000d5580000,0x00000000d607ff98,0x00000000d6080000)
  from space 512K, 75% used [0x00000000d6980000,0x00000000d69e0000,0x00000000d6a00000)
  to   space 512K, 0% used [0x00000000d6900000,0x00000000d6900000,0x00000000d6980000)
 ParOldGen       total 995328K, used 995177K [0x0000000080000000, 0x00000000bcc00000, 0x00000000d5580000)
  object space 995328K, 99% used [0x0000000080000000,0x00000000bcbda4c0,0x00000000bcc00000)
 Metaspace       used 82674K, committed 84416K, reserved 1179648K
  class space    used 8672K, committed 9472K, reserved 1048576K
}
Event: 123.928 GC heap after
{Heap after GC invocations=1965 (full 4):
 PSYoungGen      total 11776K, used 512K [0x00000000d5580000, 0x00000000d6a00000, 0x0000000100000000)
  eden space 11264K, 0% used [0x00000000d5580000,0x00000000d5580000,0x00000000d6080000)
  from space 512K, 100% used [0x00000000d6900000,0x00000000d6980000,0x00000000d6980000)
  to   space 512K, 0% used [0x00000000d6980000,0x00000000d6980000,0x00000000d6a00000)
 ParOldGen       total 995840K, used 995449K [0x0000000080000000, 0x00000000bcc80000, 0x00000000d5580000)
  object space 995840K, 99% used [0x0000000080000000,0x00000000bcc1e4c0,0x00000000bcc80000)
 Metaspace       used 82674K, committed 84416K, reserved 1179648K
  class space    used 8672K, committed 9472K, reserved 1048576K
}
Event: 123.970 GC heap before
{Heap before GC invocations=1966 (full 4):
 PSYoungGen      total 11776K, used 11715K [0x00000000d5580000, 0x00000000d6a00000, 0x0000000100000000)
  eden space 11264K, 99% used [0x00000000d5580000,0x00000000d6070d18,0x00000000d6080000)
  from space 512K, 100% used [0x00000000d6900000,0x00000000d6980000,0x00000000d6980000)
  to   space 512K, 0% used [0x00000000d6980000,0x00000000d6980000,0x00000000d6a00000)
 ParOldGen       total 995840K, used 995449K [0x0000000080000000, 0x00000000bcc80000, 0x00000000d5580000)
  object space 995840K, 99% used [0x0000000080000000,0x00000000bcc1e4c0,0x00000000bcc80000)
 Metaspace       used 82676K, committed 84416K, reserved 1179648K
  class space    used 8673K, committed 9472K, reserved 1048576K
}
Event: 123.976 GC heap after
{Heap after GC invocations=1966 (full 4):
 PSYoungGen      total 11776K, used 448K [0x00000000d5580000, 0x00000000d6a00000, 0x0000000100000000)
  eden space 11264K, 0% used [0x00000000d5580000,0x00000000d5580000,0x00000000d6080000)
  from space 512K, 87% used [0x00000000d6980000,0x00000000d69f0000,0x00000000d6a00000)
  to   space 1024K, 0% used [0x00000000d6800000,0x00000000d6800000,0x00000000d6900000)
 ParOldGen       total 996352K, used 995913K [0x0000000080000000, 0x00000000bcd00000, 0x00000000d5580000)
  object space 996352K, 99% used [0x0000000080000000,0x00000000bcc924c0,0x00000000bcd00000)
 Metaspace       used 82676K, committed 84416K, reserved 1179648K
  class space    used 8673K, committed 9472K, reserved 1048576K
}
Event: 124.001 GC heap before
{Heap before GC invocations=1967 (full 4):
 PSYoungGen      total 11776K, used 11712K [0x00000000d5580000, 0x00000000d6a00000, 0x0000000100000000)
  eden space 11264K, 100% used [0x00000000d5580000,0x00000000d6080000,0x00000000d6080000)
  from space 512K, 87% used [0x00000000d6980000,0x00000000d69f0000,0x00000000d6a00000)
  to   space 1024K, 0% used [0x00000000d6800000,0x00000000d6800000,0x00000000d6900000)
 ParOldGen       total 996352K, used 995913K [0x0000000080000000, 0x00000000bcd00000, 0x00000000d5580000)
  object space 996352K, 99% used [0x0000000080000000,0x00000000bcc924c0,0x00000000bcd00000)
 Metaspace       used 82676K, committed 84416K, reserved 1179648K
  class space    used 8673K, committed 9472K, reserved 1048576K
}
Event: 124.006 GC heap after
{Heap after GC invocations=1967 (full 4):
 PSYoungGen      total 12288K, used 480K [0x00000000d5580000, 0x00000000d6a00000, 0x0000000100000000)
  eden space 11264K, 0% used [0x00000000d5580000,0x00000000d5580000,0x00000000d6080000)
  from space 1024K, 46% used [0x00000000d6800000,0x00000000d6878000,0x00000000d6900000)
  to   space 512K, 0% used [0x00000000d6980000,0x00000000d6980000,0x00000000d6a00000)
 ParOldGen       total 996352K, used 996217K [0x0000000080000000, 0x00000000bcd00000, 0x00000000d5580000)
  object space 996352K, 99% used [0x0000000080000000,0x00000000bccde4c0,0x00000000bcd00000)
 Metaspace       used 82676K, committed 84416K, reserved 1179648K
  class space    used 8673K, committed 9472K, reserved 1048576K
}
Event: 124.117 GC heap before
{Heap before GC invocations=1968 (full 4):
 PSYoungGen      total 12288K, used 11744K [0x00000000d5580000, 0x00000000d6a00000, 0x0000000100000000)
  eden space 11264K, 100% used [0x00000000d5580000,0x00000000d6080000,0x00000000d6080000)
  from space 1024K, 46% used [0x00000000d6800000,0x00000000d6878000,0x00000000d6900000)
  to   space 512K, 0% used [0x00000000d6980000,0x00000000d6980000,0x00000000d6a00000)
 ParOldGen       total 996352K, used 996217K [0x0000000080000000, 0x00000000bcd00000, 0x00000000d5580000)
  object space 996352K, 99% used [0x0000000080000000,0x00000000bccde4c0,0x00000000bcd00000)
 Metaspace       used 82680K, committed 84416K, reserved 1179648K
  class space    used 8673K, committed 9472K, reserved 1048576K
}
Event: 124.123 GC heap after
{Heap after GC invocations=1968 (full 4):
 PSYoungGen      total 11776K, used 512K [0x00000000d5580000, 0x00000000d6a00000, 0x0000000100000000)
  eden space 11264K, 0% used [0x00000000d5580000,0x00000000d5580000,0x00000000d6080000)
  from space 512K, 100% used [0x00000000d6980000,0x00000000d6a00000,0x00000000d6a00000)
  to   space 1536K, 0% used [0x00000000d6700000,0x00000000d6700000,0x00000000d6880000)
 ParOldGen       total 996864K, used 996673K [0x0000000080000000, 0x00000000bcd80000, 0x00000000d5580000)
  object space 996864K, 99% used [0x0000000080000000,0x00000000bcd504c0,0x00000000bcd80000)
 Metaspace       used 82680K, committed 84416K, reserved 1179648K
  class space    used 8673K, committed 9472K, reserved 1048576K
}
Event: 124.187 GC heap before
{Heap before GC invocations=1969 (full 4):
 PSYoungGen      total 11776K, used 11776K [0x00000000d5580000, 0x00000000d6a00000, 0x0000000100000000)
  eden space 11264K, 100% used [0x00000000d5580000,0x00000000d6080000,0x00000000d6080000)
  from space 512K, 100% used [0x00000000d6980000,0x00000000d6a00000,0x00000000d6a00000)
  to   space 1536K, 0% used [0x00000000d6700000,0x00000000d6700000,0x00000000d6880000)
 ParOldGen       total 996864K, used 996673K [0x0000000080000000, 0x00000000bcd80000, 0x00000000d5580000)
  object space 996864K, 99% used [0x0000000080000000,0x00000000bcd504c0,0x00000000bcd80000)
 Metaspace       used 82680K, committed 84416K, reserved 1179648K
  class space    used 8673K, committed 9472K, reserved 1048576K
}
Event: 124.192 GC heap after
{Heap after GC invocations=1969 (full 4):
 PSYoungGen      total 12800K, used 288K [0x00000000d5580000, 0x00000000d6a00000, 0x0000000100000000)
  eden space 11264K, 0% used [0x00000000d5580000,0x00000000d5580000,0x00000000d6080000)
  from space 1536K, 18% used [0x00000000d6700000,0x00000000d6748000,0x00000000d6880000)
  to   space 1024K, 0% used [0x00000000d6900000,0x00000000d6900000,0x00000000d6a00000)
 ParOldGen       total 997376K, used 996945K [0x0000000080000000, 0x00000000bce00000, 0x00000000d5580000)
  object space 997376K, 99% used [0x0000000080000000,0x00000000bcd944c0,0x00000000bce00000)
 Metaspace       used 82680K, committed 84416K, reserved 1179648K
  class space    used 8673K, committed 9472K, reserved 1048576K
}
Event: 124.260 GC heap before
{Heap before GC invocations=1970 (full 4):
 PSYoungGen      total 12800K, used 11500K [0x00000000d5580000, 0x00000000d6a00000, 0x0000000100000000)
  eden space 11264K, 99% used [0x00000000d5580000,0x00000000d60731c8,0x00000000d6080000)
  from space 1536K, 18% used [0x00000000d6700000,0x00000000d6748000,0x00000000d6880000)
  to   space 1024K, 0% used [0x00000000d6900000,0x00000000d6900000,0x00000000d6a00000)
 ParOldGen       total 997376K, used 996945K [0x0000000080000000, 0x00000000bce00000, 0x00000000d5580000)
  object space 997376K, 99% used [0x0000000080000000,0x00000000bcd944c0,0x00000000bce00000)
 Metaspace       used 82684K, committed 84416K, reserved 1179648K
  class space    used 8673K, committed 9472K, reserved 1048576K
}
Event: 124.265 GC heap after
{Heap after GC invocations=1970 (full 4):
 PSYoungGen      total 12288K, used 873K [0x00000000d5580000, 0x00000000d6a00000, 0x0000000100000000)
  eden space 11264K, 0% used [0x00000000d5580000,0x00000000d5580000,0x00000000d6080000)
  from space 1024K, 85% used [0x00000000d6900000,0x00000000d69da610,0x00000000d6a00000)
  to   space 1024K, 0% used [0x00000000d6800000,0x00000000d6800000,0x00000000d6900000)
 ParOldGen       total 999424K, used 998731K [0x0000000080000000, 0x00000000bd000000, 0x00000000d5580000)
  object space 999424K, 99% used [0x0000000080000000,0x00000000bcf52f88,0x00000000bd000000)
 Metaspace       used 82684K, committed 84416K, reserved 1179648K
  class space    used 8673K, committed 9472K, reserved 1048576K
}
Event: 124.309 GC heap before
{Heap before GC invocations=1971 (full 4):
 PSYoungGen      total 12288K, used 10405K [0x00000000d5580000, 0x00000000d6a00000, 0x0000000100000000)
  eden space 11264K, 84% used [0x00000000d5580000,0x00000000d5ecf040,0x00000000d6080000)
  from space 1024K, 85% used [0x00000000d6900000,0x00000000d69da610,0x00000000d6a00000)
  to   space 1024K, 0% used [0x00000000d6800000,0x00000000d6800000,0x00000000d6900000)
 ParOldGen       total 999424K, used 998731K [0x0000000080000000, 0x00000000bd000000, 0x00000000d5580000)
  object space 999424K, 99% used [0x0000000080000000,0x00000000bcf52f88,0x00000000bd000000)
 Metaspace       used 82684K, committed 84416K, reserved 1179648K
  class space    used 8673K, committed 9472K, reserved 1048576K
}
Event: 124.315 GC heap after
{Heap after GC invocations=1971 (full 4):
 PSYoungGen      total 12288K, used 288K [0x00000000d5580000, 0x00000000d6980000, 0x0000000100000000)
  eden space 11264K, 0% used [0x00000000d5580000,0x00000000d5580000,0x00000000d6080000)
  from space 1024K, 28% used [0x00000000d6800000,0x00000000d6848000,0x00000000d6900000)
  to   space 512K, 0% used [0x00000000d6900000,0x00000000d6900000,0x00000000d6980000)
 ParOldGen       total 999424K, used 998827K [0x0000000080000000, 0x00000000bd000000, 0x00000000d5580000)
  object space 999424K, 99% used [0x0000000080000000,0x00000000bcf6af88,0x00000000bd000000)
 Metaspace       used 82684K, committed 84416K, reserved 1179648K
  class space    used 8673K, committed 9472K, reserved 1048576K
}
Event: 124.394 GC heap before
{Heap before GC invocations=1972 (full 4):
 PSYoungGen      total 12288K, used 11544K [0x00000000d5580000, 0x00000000d6980000, 0x0000000100000000)
  eden space 11264K, 99% used [0x00000000d5580000,0x00000000d607e0d8,0x00000000d6080000)
  from space 1024K, 28% used [0x00000000d6800000,0x00000000d6848000,0x00000000d6900000)
  to   space 512K, 0% used [0x00000000d6900000,0x00000000d6900000,0x00000000d6980000)
 ParOldGen       total 999424K, used 998827K [0x0000000080000000, 0x00000000bd000000, 0x00000000d5580000)
  object space 999424K, 99% used [0x0000000080000000,0x00000000bcf6af88,0x00000000bd000000)
 Metaspace       used 82704K, committed 84480K, reserved 1179648K
  class space    used 8673K, committed 9472K, reserved 1048576K
}
Event: 124.400 GC heap after
{Heap after GC invocations=1972 (full 4):
 PSYoungGen      total 11776K, used 502K [0x00000000d5580000, 0x00000000d6980000, 0x0000000100000000)
  eden space 11264K, 0% used [0x00000000d5580000,0x00000000d5580000,0x00000000d6080000)
  from space 512K, 98% used [0x00000000d6900000,0x00000000d697db00,0x00000000d6980000)
  to   space 3072K, 0% used [0x00000000d6380000,0x00000000d6380000,0x00000000d6680000)
 ParOldGen       total 1001472K, used 1000630K [0x0000000080000000, 0x00000000bd200000, 0x00000000d5580000)
  object space 1001472K, 99% used [0x0000000080000000,0x00000000bd12da50,0x00000000bd200000)
 Metaspace       used 82704K, committed 84480K, reserved 1179648K
  class space    used 8673K, committed 9472K, reserved 1048576K
}
Event: 124.472 GC heap before
{Heap before GC invocations=1973 (full 4):
 PSYoungGen      total 11776K, used 10395K [0x00000000d5580000, 0x00000000d6980000, 0x0000000100000000)
  eden space 11264K, 87% used [0x00000000d5580000,0x00000000d5f29448,0x00000000d6080000)
  from space 512K, 98% used [0x00000000d6900000,0x00000000d697db00,0x00000000d6980000)
  to   space 3072K, 0% used [0x00000000d6380000,0x00000000d6380000,0x00000000d6680000)
 ParOldGen       total 1001472K, used 1000630K [0x0000000080000000, 0x00000000bd200000, 0x00000000d5580000)
  object space 1001472K, 99% used [0x0000000080000000,0x00000000bd12da50,0x00000000bd200000)
 Metaspace       used 82708K, committed 84480K, reserved 1179648K
  class space    used 8673K, committed 9472K, reserved 1048576K
}
Event: 124.477 GC heap after
{Heap after GC invocations=1973 (full 4):
 PSYoungGen      total 14336K, used 963K [0x00000000d5580000, 0x00000000d6980000, 0x0000000100000000)
  eden space 11264K, 0% used [0x00000000d5580000,0x00000000d5580000,0x00000000d6080000)
  from space 3072K, 31% used [0x00000000d6380000,0x00000000d6470f18,0x00000000d6680000)
  to   space 1536K, 0% used [0x00000000d6800000,0x00000000d6800000,0x00000000d6980000)
 ParOldGen       total 1001472K, used 1000724K [0x0000000080000000, 0x00000000bd200000, 0x00000000d5580000)
  object space 1001472K, 99% used [0x0000000080000000,0x00000000bd145030,0x00000000bd200000)
 Metaspace       used 82708K, committed 84480K, reserved 1179648K
  class space    used 8673K, committed 9472K, reserved 1048576K
}
Event: 124.869 GC heap before
{Heap before GC invocations=1974 (full 4):
 PSYoungGen      total 14336K, used 12227K [0x00000000d5580000, 0x00000000d6980000, 0x0000000100000000)
  eden space 11264K, 99% used [0x00000000d5580000,0x00000000d607fff0,0x00000000d6080000)
  from space 3072K, 31% used [0x00000000d6380000,0x00000000d6470f18,0x00000000d6680000)
  to   space 1536K, 0% used [0x00000000d6800000,0x00000000d6800000,0x00000000d6980000)
 ParOldGen       total 1001472K, used 1000724K [0x0000000080000000, 0x00000000bd200000, 0x00000000d5580000)
  object space 1001472K, 99% used [0x0000000080000000,0x00000000bd145030,0x00000000bd200000)
 Metaspace       used 82786K, committed 84544K, reserved 1179648K
  class space    used 8682K, committed 9472K, reserved 1048576K
}

Dll operation events (12 events):
Event: 0.027 Loaded shared library c:\Users\us\.cursor\extensions\redhat.java-1.45.0-win32-x64\jre\21.0.8-win32-x86_64\bin\java.dll
Event: 0.323 Loaded shared library c:\Users\us\.cursor\extensions\redhat.java-1.45.0-win32-x64\jre\21.0.8-win32-x86_64\bin\zip.dll
Event: 0.381 Loaded shared library C:\Users\us\.cursor\extensions\redhat.java-1.45.0-win32-x64\jre\21.0.8-win32-x86_64\bin\instrument.dll
Event: 0.393 Loaded shared library C:\Users\us\.cursor\extensions\redhat.java-1.45.0-win32-x64\jre\21.0.8-win32-x86_64\bin\net.dll
Event: 0.407 Loaded shared library C:\Users\us\.cursor\extensions\redhat.java-1.45.0-win32-x64\jre\21.0.8-win32-x86_64\bin\nio.dll
Event: 0.414 Loaded shared library C:\Users\us\.cursor\extensions\redhat.java-1.45.0-win32-x64\jre\21.0.8-win32-x86_64\bin\zip.dll
Event: 0.516 Loaded shared library C:\Users\us\.cursor\extensions\redhat.java-1.45.0-win32-x64\jre\21.0.8-win32-x86_64\bin\jimage.dll
Event: 0.832 Loaded shared library c:\Users\us\.cursor\extensions\redhat.java-1.45.0-win32-x64\jre\21.0.8-win32-x86_64\bin\verify.dll
Event: 9.893 Loaded shared library C:\Users\us\AppData\Roaming\Cursor\User\globalStorage\redhat.java\1.45.0\config_win\org.eclipse.equinox.launcher\org.eclipse.equinox.launcher.win32.win32.x86_64_1.2.1400.v20250801-0854\eclipse_11916.dll
Event: 37.989 Loaded shared library C:\Users\us\AppData\Local\Temp\jna-3742\jna8565268246913229417.dll
Event: 41.204 Loaded shared library C:\Users\us\.cursor\extensions\redhat.java-1.45.0-win32-x64\jre\21.0.8-win32-x86_64\bin\sunmscapi.dll
Event: 42.547 Loaded shared library C:\Users\us\.cursor\extensions\redhat.java-1.45.0-win32-x64\jre\21.0.8-win32-x86_64\bin\extnet.dll

Deoptimization events (20 events):
Event: 123.853 Thread 0x000001effb170600 DEOPT PACKING pc=0x000001efe17df278 sp=0x00000010a8efdcc0
Event: 123.853 Thread 0x000001effb170600 DEOPT UNPACKING pc=0x000001efe63678e2 sp=0x00000010a8efd148 mode 0
Event: 123.870 Thread 0x000001effb170600 Uncommon trap: trap_request=0xffffff45 fr.pc=0x000001efe786cd2c relative=0x00000000000005cc
Event: 123.870 Thread 0x000001effb170600 Uncommon trap: reason=unstable_if action=reinterpret pc=0x000001efe786cd2c method=org.eclipse.jdt.internal.core.util.MementoTokenizer.escape(Ljava/lang/StringBuilder;Ljava/lang/String;)V @ 19 c2
Event: 123.870 Thread 0x000001effb170600 DEOPT PACKING pc=0x000001efe786cd2c sp=0x00000010a8efe6c0
Event: 123.870 Thread 0x000001effb170600 DEOPT UNPACKING pc=0x000001efe6366da2 sp=0x00000010a8efe668 mode 2
Event: 123.915 Thread 0x000001effb170600 DEOPT PACKING pc=0x000001efe17df278 sp=0x00000010a8efd7f0
Event: 123.915 Thread 0x000001effb170600 DEOPT UNPACKING pc=0x000001efe63678e2 sp=0x00000010a8efcc78 mode 0
Event: 123.936 Thread 0x000001effb170600 DEOPT PACKING pc=0x000001efe17df278 sp=0x00000010a8efdcc0
Event: 123.936 Thread 0x000001effb170600 DEOPT UNPACKING pc=0x000001efe63678e2 sp=0x00000010a8efd148 mode 0
Event: 124.008 Thread 0x000001eff97c84f0 DEOPT PACKING pc=0x000001efe16a78ce sp=0x00000010a9bfdea0
Event: 124.008 Thread 0x000001eff97c84f0 DEOPT UNPACKING pc=0x000001efe63678e2 sp=0x00000010a9bfd390 mode 0
Event: 124.196 Thread 0x000001eff97c84f0 DEOPT PACKING pc=0x000001efe16a78ce sp=0x00000010a9bfdea0
Event: 124.196 Thread 0x000001eff97c84f0 DEOPT UNPACKING pc=0x000001efe63678e2 sp=0x00000010a9bfd390 mode 0
Event: 124.269 Thread 0x000001effb170600 DEOPT PACKING pc=0x000001efe17afc81 sp=0x00000010a8efdca0
Event: 124.269 Thread 0x000001effb170600 DEOPT UNPACKING pc=0x000001efe63678e2 sp=0x00000010a8efd1d0 mode 0
Event: 124.536 Thread 0x000001effb170600 Uncommon trap: trap_request=0xffffff45 fr.pc=0x000001efe690c064 relative=0x0000000000000044
Event: 124.536 Thread 0x000001effb170600 Uncommon trap: reason=unstable_if action=reinterpret pc=0x000001efe690c064 method=java.lang.Character.isSurrogate(C)Z @ 3 c2
Event: 124.536 Thread 0x000001effb170600 DEOPT PACKING pc=0x000001efe690c064 sp=0x00000010a8efe9a0
Event: 124.537 Thread 0x000001effb170600 DEOPT UNPACKING pc=0x000001efe6366da2 sp=0x00000010a8efe938 mode 2

Classes loaded (20 events):
Event: 101.707 Loading class java/nio/file/attribute/PosixFileAttributes
Event: 101.708 Loading class java/nio/file/attribute/PosixFileAttributes done
Event: 119.606 Loading class java/util/concurrent/CompletableFuture$UniApply
Event: 119.606 Loading class java/util/concurrent/CompletableFuture$UniApply done
Event: 119.607 Loading class java/util/concurrent/CompletableFuture$UniExceptionally
Event: 119.607 Loading class java/util/concurrent/CompletableFuture$UniExceptionally done
Event: 120.858 Loading class java/io/SequenceInputStream
Event: 120.859 Loading class java/io/SequenceInputStream done
Event: 121.104 Loading class jdk/internal/event/SecurityPropertyModificationEvent
Event: 121.104 Loading class jdk/internal/event/SecurityPropertyModificationEvent done
Event: 121.186 Loading class java/lang/Throwable$WrappedPrintWriter
Event: 121.186 Loading class java/lang/Throwable$PrintStreamOrWriter
Event: 121.186 Loading class java/lang/Throwable$PrintStreamOrWriter done
Event: 121.186 Loading class java/lang/Throwable$WrappedPrintWriter done
Event: 121.207 Loading class java/util/zip/CheckedInputStream
Event: 121.207 Loading class java/util/zip/CheckedInputStream done
Event: 121.301 Loading class java/lang/UnsupportedClassVersionError
Event: 121.301 Loading class java/lang/UnsupportedClassVersionError done
Event: 121.341 Loading class java/util/zip/GZIPInputStream$1
Event: 121.341 Loading class java/util/zip/GZIPInputStream$1 done

Classes unloaded (11 events):
Event: 38.941 Thread 0x000001efdbcaebb0 Unloading class 0x000001ef811a7000 'java/lang/invoke/LambdaForm$MH+0x000001ef811a7000'
Event: 38.941 Thread 0x000001efdbcaebb0 Unloading class 0x000001ef811a6c00 'java/lang/invoke/LambdaForm$MH+0x000001ef811a6c00'
Event: 38.941 Thread 0x000001efdbcaebb0 Unloading class 0x000001ef811a6800 'java/lang/invoke/LambdaForm$MH+0x000001ef811a6800'
Event: 38.941 Thread 0x000001efdbcaebb0 Unloading class 0x000001ef811a6400 'java/lang/invoke/LambdaForm$MH+0x000001ef811a6400'
Event: 38.941 Thread 0x000001efdbcaebb0 Unloading class 0x000001ef811a6000 'java/lang/invoke/LambdaForm$BMH+0x000001ef811a6000'
Event: 38.941 Thread 0x000001efdbcaebb0 Unloading class 0x000001ef811a5c00 'java/lang/invoke/LambdaForm$DMH+0x000001ef811a5c00'
Event: 38.941 Thread 0x000001efdbcaebb0 Unloading class 0x000001ef811a4800 'java/lang/invoke/LambdaForm$DMH+0x000001ef811a4800'
Event: 80.615 Thread 0x000001efdbcaebb0 Unloading class 0x000001ef81891000 'java/lang/invoke/LambdaForm$DMH+0x000001ef81891000'
Event: 80.615 Thread 0x000001efdbcaebb0 Unloading class 0x000001ef81890c00 'java/lang/invoke/LambdaForm$DMH+0x000001ef81890c00'
Event: 80.615 Thread 0x000001efdbcaebb0 Unloading class 0x000001ef81890800 'java/lang/invoke/LambdaForm$DMH+0x000001ef81890800'
Event: 80.615 Thread 0x000001efdbcaebb0 Unloading class 0x000001ef81890400 'java/lang/invoke/LambdaForm$DMH+0x000001ef81890400'

Classes redefined (0 events):
No events

Internal exceptions (20 events):
Event: 122.119 Thread 0x000001effb16f8e0 Exception <a 'sun/nio/fs/WindowsException'{0x00000000d5adf078}> (0x00000000d5adf078) 
thrown [s\src\hotspot\share\prims\jni.cpp, line 520]
Event: 122.689 Thread 0x000001effb170600 Implicit null exception at 0x000001efe746bb4c to 0x000001efe746c034
Event: 122.841 Thread 0x000001effb16f250 Exception <a 'sun/nio/fs/WindowsException'{0x00000000d5bb1760}> (0x00000000d5bb1760) 
thrown [s\src\hotspot\share\prims\jni.cpp, line 520]
Event: 122.841 Thread 0x000001effb16f250 Exception <a 'sun/nio/fs/WindowsException'{0x00000000d5bb2048}> (0x00000000d5bb2048) 
thrown [s\src\hotspot\share\prims\jni.cpp, line 520]
Event: 122.842 Thread 0x000001effb16f250 Exception <a 'sun/nio/fs/WindowsException'{0x00000000d5bb2d60}> (0x00000000d5bb2d60) 
thrown [s\src\hotspot\share\prims\jni.cpp, line 520]
Event: 122.842 Thread 0x000001effb16f250 Exception <a 'sun/nio/fs/WindowsException'{0x00000000d5bb3628}> (0x00000000d5bb3628) 
thrown [s\src\hotspot\share\prims\jni.cpp, line 520]
Event: 122.843 Thread 0x000001effb16f250 Exception <a 'sun/nio/fs/WindowsException'{0x00000000d5c3e238}> (0x00000000d5c3e238) 
thrown [s\src\hotspot\share\prims\jni.cpp, line 520]
Event: 122.843 Thread 0x000001effb16f250 Exception <a 'sun/nio/fs/WindowsException'{0x00000000d5c3eb00}> (0x00000000d5c3eb00) 
thrown [s\src\hotspot\share\prims\jni.cpp, line 520]
Event: 122.850 Thread 0x000001effb16f250 Exception <a 'sun/nio/fs/WindowsException'{0x00000000d5d37d10}> (0x00000000d5d37d10) 
thrown [s\src\hotspot\share\prims\jni.cpp, line 520]
Event: 122.851 Thread 0x000001effb16f250 Exception <a 'sun/nio/fs/WindowsException'{0x00000000d5d385d8}> (0x00000000d5d385d8) 
thrown [s\src\hotspot\share\prims\jni.cpp, line 520]
Event: 123.825 Thread 0x000001eff97c84f0 Exception <a 'sun/nio/fs/WindowsException'{0x00000000d57295c0}> (0x00000000d57295c0) 
thrown [s\src\hotspot\share\prims\jni.cpp, line 520]
Event: 123.825 Thread 0x000001eff97c84f0 Exception <a 'sun/nio/fs/WindowsException'{0x00000000d5729bd8}> (0x00000000d5729bd8) 
thrown [s\src\hotspot\share\prims\jni.cpp, line 520]
Event: 123.825 Thread 0x000001eff97c84f0 Exception <a 'sun/nio/fs/WindowsException'{0x00000000d5732110}> (0x00000000d5732110) 
thrown [s\src\hotspot\share\prims\jni.cpp, line 520]
Event: 123.826 Thread 0x000001eff97c84f0 Exception <a 'sun/nio/fs/WindowsException'{0x00000000d5732728}> (0x00000000d5732728) 
thrown [s\src\hotspot\share\prims\jni.cpp, line 520]
Event: 123.827 Thread 0x000001eff97c84f0 Exception <a 'sun/nio/fs/WindowsException'{0x00000000d5739fa8}> (0x00000000d5739fa8) 
thrown [s\src\hotspot\share\prims\jni.cpp, line 520]
Event: 123.827 Thread 0x000001eff97c84f0 Exception <a 'sun/nio/fs/WindowsException'{0x00000000d573a5c0}> (0x00000000d573a5c0) 
thrown [s\src\hotspot\share\prims\jni.cpp, line 520]
Event: 123.835 Thread 0x000001eff97c84f0 Exception <a 'sun/nio/fs/WindowsException'{0x00000000d5756fb0}> (0x00000000d5756fb0) 
thrown [s\src\hotspot\share\prims\jni.cpp, line 520]
Event: 123.835 Thread 0x000001eff97c84f0 Exception <a 'sun/nio/fs/WindowsException'{0x00000000d5757878}> (0x00000000d5757878) 
thrown [s\src\hotspot\share\prims\jni.cpp, line 520]
Event: 124.498 Thread 0x000001effb170600 Exception <a 'sun/nio/fs/WindowsException'{0x00000000d5aeec98}> (0x00000000d5aeec98) 
thrown [s\src\hotspot\share\prims\jni.cpp, line 520]
Event: 124.498 Thread 0x000001effb170600 Exception <a 'sun/nio/fs/WindowsException'{0x00000000d5aef560}> (0x00000000d5aef560) 
thrown [s\src\hotspot\share\prims\jni.cpp, line 520]

ZGC Phase Switch (0 events):
No events

VM Operations (20 events):
Event: 123.884 Executing VM operation: ParallelGCFailedAllocation (Allocation Failure) done
Event: 123.923 Executing VM operation: ParallelGCFailedAllocation (Allocation Failure)
Event: 123.928 Executing VM operation: ParallelGCFailedAllocation (Allocation Failure) done
Event: 123.970 Executing VM operation: ParallelGCFailedAllocation (Allocation Failure)
Event: 123.976 Executing VM operation: ParallelGCFailedAllocation (Allocation Failure) done
Event: 124.001 Executing VM operation: ParallelGCFailedAllocation (Allocation Failure)
Event: 124.006 Executing VM operation: ParallelGCFailedAllocation (Allocation Failure) done
Event: 124.117 Executing VM operation: ParallelGCFailedAllocation (Allocation Failure)
Event: 124.123 Executing VM operation: ParallelGCFailedAllocation (Allocation Failure) done
Event: 124.187 Executing VM operation: ParallelGCFailedAllocation (Allocation Failure)
Event: 124.192 Executing VM operation: ParallelGCFailedAllocation (Allocation Failure) done
Event: 124.260 Executing VM operation: ParallelGCFailedAllocation (Allocation Failure)
Event: 124.265 Executing VM operation: ParallelGCFailedAllocation (Allocation Failure) done
Event: 124.309 Executing VM operation: ParallelGCFailedAllocation (Allocation Failure)
Event: 124.315 Executing VM operation: ParallelGCFailedAllocation (Allocation Failure) done
Event: 124.394 Executing VM operation: ParallelGCFailedAllocation (Allocation Failure)
Event: 124.400 Executing VM operation: ParallelGCFailedAllocation (Allocation Failure) done
Event: 124.472 Executing VM operation: ParallelGCFailedAllocation (Allocation Failure)
Event: 124.477 Executing VM operation: ParallelGCFailedAllocation (Allocation Failure) done
Event: 124.869 Executing VM operation: ParallelGCFailedAllocation (Allocation Failure)

Memory protections (0 events):
No events

Nmethod flushes (20 events):
Event: 80.669 Thread 0x000001efdbcaebb0 flushing  nmethod 0x000001efdfc41910
Event: 80.669 Thread 0x000001efdbcaebb0 flushing  nmethod 0x000001efdfc4e790
Event: 80.669 Thread 0x000001efdbcaebb0 flushing  nmethod 0x000001efdfc7dc90
Event: 80.669 Thread 0x000001efdbcaebb0 flushing  nmethod 0x000001efdfc93590
Event: 80.669 Thread 0x000001efdbcaebb0 flushing  nmethod 0x000001efdfc95210
Event: 80.669 Thread 0x000001efdbcaebb0 flushing  nmethod 0x000001efdfd07990
Event: 80.669 Thread 0x000001efdbcaebb0 flushing  nmethod 0x000001efdfd12390
Event: 80.669 Thread 0x000001efdbcaebb0 flushing  nmethod 0x000001efdfd1d210
Event: 80.669 Thread 0x000001efdbcaebb0 flushing  nmethod 0x000001efdfd45090
Event: 80.669 Thread 0x000001efdbcaebb0 flushing  nmethod 0x000001efdfd54f90
Event: 80.669 Thread 0x000001efdbcaebb0 flushing  nmethod 0x000001efdfd5be90
Event: 80.669 Thread 0x000001efdbcaebb0 flushing  nmethod 0x000001efdfd5da90
Event: 80.669 Thread 0x000001efdbcaebb0 flushing  nmethod 0x000001efdfda2010
Event: 80.669 Thread 0x000001efdbcaebb0 flushing  nmethod 0x000001efdfda3c90
Event: 80.669 Thread 0x000001efdbcaebb0 flushing osr nmethod 0x000001efdfda4f10
Event: 80.669 Thread 0x000001efdbcaebb0 flushing  nmethod 0x000001efdfdabb10
Event: 80.669 Thread 0x000001efdbcaebb0 flushing  nmethod 0x000001efdfdae390
Event: 80.669 Thread 0x000001efdbcaebb0 flushing  nmethod 0x000001efdfdd7110
Event: 80.669 Thread 0x000001efdbcaebb0 flushing  nmethod 0x000001efdfde5590
Event: 80.669 Thread 0x000001efdbcaebb0 flushing  nmethod 0x000001efdfe36190

Events (20 events):
Event: 112.817 Thread 0x000001effd412dc0 Thread exited: 0x000001effd412dc0
Event: 114.712 Thread 0x000001eff804b5d0 Thread added: 0x000001efff38e5e0
Event: 118.387 Thread 0x000001efff38e5e0 Thread exited: 0x000001efff38e5e0
Event: 119.607 Thread 0x000001eff97c8b80 Thread added: 0x000001effb16f250
Event: 119.608 Thread 0x000001eff97c8b80 Thread added: 0x000001effb16f8e0
Event: 119.611 Thread 0x000001eff97c8b80 Thread added: 0x000001effb170600
Event: 119.611 Thread 0x000001eff97c8b80 Thread added: 0x000001effb16d180
Event: 119.616 Thread 0x000001eff97c8b80 Thread added: 0x000001effb170c90
Event: 119.637 Thread 0x000001eff804b5d0 Thread added: 0x000001efff38df10
Event: 120.259 Thread 0x000001eff804b5d0 Thread added: 0x000001efff390120
Event: 121.110 Thread 0x000001effb16d180 Thread added: 0x000001effb16dea0
Event: 121.222 Thread 0x000001eff97c8b80 Thread added: 0x000001effb1747a0
Event: 121.229 Thread 0x000001eff97c8b80 Thread added: 0x000001effb1733f0
Event: 121.817 Thread 0x000001effb16dea0 Thread exited: 0x000001effb16dea0
Event: 121.951 Thread 0x000001efff390120 Thread exited: 0x000001efff390120
Event: 121.965 Thread 0x000001efff38df10 Thread exited: 0x000001efff38df10
Event: 122.569 Thread 0x000001eff804b5d0 Thread added: 0x000001efff390120
Event: 122.569 Thread 0x000001eff804b5d0 Thread added: 0x000001efff3907f0
Event: 124.736 Thread 0x000001efff3907f0 Thread exited: 0x000001efff3907f0
Event: 124.803 Thread 0x000001efff390120 Thread exited: 0x000001efff390120


Dynamic libraries:
0x00007ff687170000 - 0x00007ff68717e000 	c:\Users\us\.cursor\extensions\redhat.java-1.45.0-win32-x64\jre\21.0.8-win32-x86_64\bin\java.exe
0x00007ffdba1c0000 - 0x00007ffdba427000 	C:\WINDOWS\SYSTEM32\ntdll.dll
0x00007ffdb9240000 - 0x00007ffdb9309000 	C:\WINDOWS\System32\KERNEL32.DLL
0x00007ffdb7380000 - 0x00007ffdb7770000 	C:\WINDOWS\System32\KERNELBASE.dll
0x00007ffdb7b30000 - 0x00007ffdb7c7b000 	C:\WINDOWS\System32\ucrtbase.dll
0x00007ffd94c30000 - 0x00007ffd94c48000 	c:\Users\us\.cursor\extensions\redhat.java-1.45.0-win32-x64\jre\21.0.8-win32-x86_64\bin\jli.dll
0x00007ffdb8e90000 - 0x00007ffdb9055000 	C:\WINDOWS\System32\USER32.dll
0x00007ffdb7dc0000 - 0x00007ffdb7de7000 	C:\WINDOWS\System32\win32u.dll
0x00007ffdb9750000 - 0x00007ffdb977b000 	C:\WINDOWS\System32\GDI32.dll
0x00007ffdb7c80000 - 0x00007ffdb7db8000 	C:\WINDOWS\System32\gdi32full.dll
0x00007ffdb7780000 - 0x00007ffdb7823000 	C:\WINDOWS\System32\msvcp_win.dll
0x00007ffd94cd0000 - 0x00007ffd94cee000 	c:\Users\us\.cursor\extensions\redhat.java-1.45.0-win32-x64\jre\21.0.8-win32-x86_64\bin\VCRUNTIME140.dll
0x00007ffda1570000 - 0x00007ffda180a000 	C:\WINDOWS\WinSxS\amd64_microsoft.windows.common-controls_6595b64144ccf1df_6.0.26100.4768_none_3e0c112ce331287c\COMCTL32.dll
0x00007ffdb8b10000 - 0x00007ffdb8bb9000 	C:\WINDOWS\System32\msvcrt.dll
0x00007ffdb97b0000 - 0x00007ffdb97df000 	C:\WINDOWS\System32\IMM32.DLL
0x00007ffdb0300000 - 0x00007ffdb030c000 	c:\Users\us\.cursor\extensions\redhat.java-1.45.0-win32-x64\jre\21.0.8-win32-x86_64\bin\vcruntime140_1.dll
0x00007ffd48040000 - 0x00007ffd480cd000 	c:\Users\us\.cursor\extensions\redhat.java-1.45.0-win32-x64\jre\21.0.8-win32-x86_64\bin\msvcp140.dll
0x00007ffcefc80000 - 0x00007ffcf0a17000 	c:\Users\us\.cursor\extensions\redhat.java-1.45.0-win32-x64\jre\21.0.8-win32-x86_64\bin\server\jvm.dll
0x00007ffdb7fe0000 - 0x00007ffdb8094000 	C:\WINDOWS\System32\ADVAPI32.dll
0x00007ffdb96a0000 - 0x00007ffdb9746000 	C:\WINDOWS\System32\sechost.dll
0x00007ffdb9f00000 - 0x00007ffdba018000 	C:\WINDOWS\System32\RPCRT4.dll
0x00007ffdb8a80000 - 0x00007ffdb8af4000 	C:\WINDOWS\System32\WS2_32.dll
0x00007ffdb7170000 - 0x00007ffdb71ce000 	C:\WINDOWS\SYSTEM32\POWRPROF.dll
0x00007ffdad930000 - 0x00007ffdad965000 	C:\WINDOWS\SYSTEM32\WINMM.dll
0x00007ffdad2b0000 - 0x00007ffdad2bb000 	C:\WINDOWS\SYSTEM32\VERSION.dll
0x00007ffdb7150000 - 0x00007ffdb7164000 	C:\WINDOWS\SYSTEM32\UMPDC.dll
0x00007ffdb5fd0000 - 0x00007ffdb5feb000 	C:\WINDOWS\SYSTEM32\kernel.appcore.dll
0x00007ffd9f1f0000 - 0x00007ffd9f1fa000 	c:\Users\us\.cursor\extensions\redhat.java-1.45.0-win32-x64\jre\21.0.8-win32-x86_64\bin\jimage.dll
0x00007ffdb4ab0000 - 0x00007ffdb4cf1000 	C:\WINDOWS\SYSTEM32\DBGHELP.DLL
0x00007ffdb9310000 - 0x00007ffdb9695000 	C:\WINDOWS\System32\combase.dll
0x00007ffdb8d30000 - 0x00007ffdb8e10000 	C:\WINDOWS\System32\OLEAUT32.dll
0x00007ffda3c30000 - 0x00007ffda3c73000 	C:\WINDOWS\SYSTEM32\dbgcore.DLL
0x00007ffdb7df0000 - 0x00007ffdb7e89000 	C:\WINDOWS\System32\bcryptPrimitives.dll
0x00007ffd9df10000 - 0x00007ffd9df1f000 	c:\Users\us\.cursor\extensions\redhat.java-1.45.0-win32-x64\jre\21.0.8-win32-x86_64\bin\instrument.dll
0x00007ffd90510000 - 0x00007ffd9052f000 	c:\Users\us\.cursor\extensions\redhat.java-1.45.0-win32-x64\jre\21.0.8-win32-x86_64\bin\java.dll
0x00007ffdb8330000 - 0x00007ffdb8a7d000 	C:\WINDOWS\System32\SHELL32.dll
0x00007ffdb7830000 - 0x00007ffdb79a3000 	C:\WINDOWS\System32\wintypes.dll
0x00007ffdb4e90000 - 0x00007ffdb56f0000 	C:\WINDOWS\SYSTEM32\windows.storage.dll
0x00007ffdb80a0000 - 0x00007ffdb8195000 	C:\WINDOWS\System32\SHCORE.dll
0x00007ffdb8e20000 - 0x00007ffdb8e8a000 	C:\WINDOWS\System32\shlwapi.dll
0x00007ffdb7210000 - 0x00007ffdb7239000 	C:\WINDOWS\SYSTEM32\profapi.dll
0x00007ffd86a60000 - 0x00007ffd86a78000 	c:\Users\us\.cursor\extensions\redhat.java-1.45.0-win32-x64\jre\21.0.8-win32-x86_64\bin\zip.dll
0x00007ffd9d6a0000 - 0x00007ffd9d6b0000 	C:\Users\us\.cursor\extensions\redhat.java-1.45.0-win32-x64\jre\21.0.8-win32-x86_64\bin\net.dll
0x00007ffdb07d0000 - 0x00007ffdb08ee000 	C:\WINDOWS\SYSTEM32\WINHTTP.dll
0x00007ffdb65a0000 - 0x00007ffdb660b000 	C:\WINDOWS\system32\mswsock.dll
0x00007ffd94d90000 - 0x00007ffd94da6000 	C:\Users\us\.cursor\extensions\redhat.java-1.45.0-win32-x64\jre\21.0.8-win32-x86_64\bin\nio.dll
0x00007ffd9d650000 - 0x00007ffd9d660000 	c:\Users\us\.cursor\extensions\redhat.java-1.45.0-win32-x64\jre\21.0.8-win32-x86_64\bin\verify.dll
0x00007ffd75080000 - 0x00007ffd750c4000 	C:\Users\us\AppData\Roaming\Cursor\User\globalStorage\redhat.java\1.45.0\config_win\org.eclipse.equinox.launcher\org.eclipse.equinox.launcher.win32.win32.x86_64_1.2.1400.v20250801-0854\eclipse_11916.dll
0x00007ffdb9070000 - 0x00007ffdb9210000 	C:\WINDOWS\System32\ole32.dll
0x00007ffdb6980000 - 0x00007ffdb699b000 	C:\WINDOWS\SYSTEM32\CRYPTSP.dll
0x00007ffdb5f90000 - 0x00007ffdb5fcb000 	C:\WINDOWS\system32\rsaenh.dll
0x00007ffdb6640000 - 0x00007ffdb666b000 	C:\WINDOWS\SYSTEM32\USERENV.dll
0x00007ffdb71e0000 - 0x00007ffdb7206000 	C:\WINDOWS\SYSTEM32\bcrypt.dll
0x00007ffdb67e0000 - 0x00007ffdb67ec000 	C:\WINDOWS\SYSTEM32\CRYPTBASE.dll
0x00007ffdb5a20000 - 0x00007ffdb5a53000 	C:\WINDOWS\SYSTEM32\IPHLPAPI.DLL
0x00007ffdb8320000 - 0x00007ffdb832a000 	C:\WINDOWS\System32\NSI.dll
0x00007ffd97f80000 - 0x00007ffd97fc9000 	C:\Users\us\AppData\Local\Temp\jna-3742\jna8565268246913229417.dll
0x00007ffdb7fd0000 - 0x00007ffdb7fd8000 	C:\WINDOWS\System32\PSAPI.DLL
0x00007ffdb1570000 - 0x00007ffdb158f000 	C:\WINDOWS\SYSTEM32\dhcpcsvc6.DLL
0x00007ffdb1540000 - 0x00007ffdb1565000 	C:\WINDOWS\SYSTEM32\dhcpcsvc.DLL
0x00007ffd8f530000 - 0x00007ffd8f53e000 	C:\Users\us\.cursor\extensions\redhat.java-1.45.0-win32-x64\jre\21.0.8-win32-x86_64\bin\sunmscapi.dll
0x00007ffdb79b0000 - 0x00007ffdb7b27000 	C:\WINDOWS\System32\CRYPT32.dll
0x00007ffdb6ae0000 - 0x00007ffdb6b10000 	C:\WINDOWS\SYSTEM32\ncrypt.dll
0x00007ffdb6a90000 - 0x00007ffdb6acf000 	C:\WINDOWS\SYSTEM32\NTASN1.dll
0x00007ffdb5a60000 - 0x00007ffdb5b86000 	C:\WINDOWS\SYSTEM32\DNSAPI.dll
0x00007ffdb0550000 - 0x00007ffdb055b000 	C:\Windows\System32\rasadhlp.dll
0x00007ffdb1730000 - 0x00007ffdb17b6000 	C:\WINDOWS\System32\fwpuclnt.dll
0x00007ffd8f270000 - 0x00007ffd8f279000 	C:\Users\us\.cursor\extensions\redhat.java-1.45.0-win32-x64\jre\21.0.8-win32-x86_64\bin\extnet.dll
0x00007ffdb6160000 - 0x00007ffdb6196000 	C:\WINDOWS\SYSTEM32\ntmarta.dll

JVMTI agents:
c:\Users\us\.cursor\extensions\redhat.java-1.45.0-win32-x64\lombok\lombok-1.18.39-4050.jar path:c:\Users\us\.cursor\extensions\redhat.java-1.45.0-win32-x64\jre\21.0.8-win32-x86_64\bin\instrument.dll, loaded, initialized, instrumentlib options:none

dbghelp: loaded successfully - version: 4.0.5 - missing functions: none
symbol engine: initialized successfully - sym options: 0x614 - pdb path: .;c:\Users\us\.cursor\extensions\redhat.java-1.45.0-win32-x64\jre\21.0.8-win32-x86_64\bin;C:\WINDOWS\SYSTEM32;C:\WINDOWS\WinSxS\amd64_microsoft.windows.common-controls_6595b64144ccf1df_6.0.26100.4768_none_3e0c112ce331287c;c:\Users\us\.cursor\extensions\redhat.java-1.45.0-win32-x64\jre\21.0.8-win32-x86_64\bin\server;C:\Users\us\AppData\Roaming\Cursor\User\globalStorage\redhat.java\1.45.0\config_win\org.eclipse.equinox.launcher\org.eclipse.equinox.launcher.win32.win32.x86_64_1.2.1400.v20250801-0854;C:\Users\us\AppData\Local\Temp\jna-3742

VM Arguments:
jvm_args: --add-modules=ALL-SYSTEM --add-opens=java.base/java.util=ALL-UNNAMED --add-opens=java.base/java.lang=ALL-UNNAMED --add-opens=java.base/sun.nio.fs=ALL-UNNAMED -Declipse.application=org.eclipse.jdt.ls.core.id1 -Dosgi.bundles.defaultStartLevel=4 -Declipse.product=org.eclipse.jdt.ls.core.product -Djava.import.generatesMetadataFilesAtProjectRoot=false -DDetectVMInstallationsJob.disabled=true -Dfile.encoding=utf8 -XX:+UseParallelGC -XX:GCTimeRatio=4 -XX:AdaptiveSizePolicyWeight=90 -Dsun.zip.disableMemoryMapping=true -Xmx2G -Xms100m -Xlog:disable -javaagent:c:\Users\us\.cursor\extensions\redhat.java-1.45.0-win32-x64\lombok\lombok-1.18.39-4050.jar -XX:+HeapDumpOnOutOfMemoryError -XX:HeapDumpPath=c:\Users\us\AppData\Roaming\Cursor\User\workspaceStorage\a6af35b8f77868739f8483481f509557\redhat.java -Daether.dependencyCollector.impl=bf 
java_command: c:\Users\us\.cursor\extensions\redhat.java-1.45.0-win32-x64\server\plugins\org.eclipse.equinox.launcher_1.7.0.v20250519-0528.jar -configuration c:\Users\us\AppData\Roaming\Cursor\User\globalStorage\redhat.java\1.45.0\config_win -data c:\Users\us\AppData\Roaming\Cursor\User\workspaceStorage\a6af35b8f77868739f8483481f509557\redhat.java\jdt_ws --pipe=\\.\pipe\lsp-def2fec5083b669eda10c66b86d38f4f-sock
java_class_path (initial): c:\Users\us\.cursor\extensions\redhat.java-1.45.0-win32-x64\server\plugins\org.eclipse.equinox.launcher_1.7.0.v20250519-0528.jar
Launcher Type: SUN_STANDARD

[Global flags]
    uintx AdaptiveSizePolicyWeight                 = 90                                        {product} {command line}
     intx CICompilerCount                          = 4                                         {product} {ergonomic}
    uintx GCTimeRatio                              = 4                                         {product} {command line}
     bool HeapDumpOnOutOfMemoryError               = true                                   {manageable} {command line}
    ccstr HeapDumpPath                             = c:\Users\us\AppData\Roaming\Cursor\User\workspaceStorage\a6af35b8f77868739f8483481f509557\redhat.java         {manageable} {command line}
   size_t InitialHeapSize                          = 104857600                                 {product} {command line}
   size_t MaxHeapSize                              = 2147483648                                {product} {command line}
   size_t MaxNewSize                               = 715653120                                 {product} {ergonomic}
   size_t MinHeapDeltaBytes                        = 524288                                    {product} {ergonomic}
   size_t MinHeapSize                              = 104857600                                 {product} {command line}
   size_t NewSize                                  = 34603008                                  {product} {ergonomic}
    uintx NonNMethodCodeHeapSize                   = 5839372                                {pd product} {ergonomic}
    uintx NonProfiledCodeHeapSize                  = 122909434                              {pd product} {ergonomic}
   size_t OldSize                                  = 70254592                                  {product} {ergonomic}
    uintx ProfiledCodeHeapSize                     = 122909434                              {pd product} {ergonomic}
    uintx ReservedCodeCacheSize                    = 251658240                              {pd product} {ergonomic}
     bool SegmentedCodeCache                       = true                                      {product} {ergonomic}
   size_t SoftMaxHeapSize                          = 2147483648                             {manageable} {ergonomic}
     bool UseCompressedOops                        = true                           {product lp64_product} {ergonomic}
     bool UseLargePagesIndividualAllocation        = false                                  {pd product} {ergonomic}
     bool UseParallelGC                            = true                                      {product} {command line}

Logging:
Log output configuration:
 #0: stdout all=off uptime,level,tags foldmultilines=false
 #1: stderr all=off uptime,level,tags foldmultilines=false

Environment Variables:
PATH=C:\Python313\Scripts\;C:\Python313\;C:\WINDOWS\system32;C:\WINDOWS;C:\WINDOWS\System32\Wbem;C:\WINDOWS\System32\WindowsPowerShell\v1.0\;C:\WINDOWS\System32\OpenSSH\;C:\Program Files\Git\cmd;C:\Users\us\Downloads\apache-maven-3.9.9-bin\apache-maven-3.9.9\bin;C:\Program Files\Java\jdk-17\bin;;C:\Program Files\Git LFS;C:\ProgramData\chocolatey\bin;c:\Users\us\AppData\Local\Programs\cursor\resources\app\bin;c:\Users\us\AppData\Local\Programs\cursor\resources\app\bin;C:\Karthik workspace\Node.js\;C:\Users\us\AppData\Local\Microsoft\WindowsApps;C:\Users\us\AppData\Local\Programs\Microsoft VS Code\bin;C:\Users\us\AppData\Local\GitHubDesktop\bin;C:\Users\us\AppData\Local\Programs\cursor\resources\app\bin;C:\Users\us\AppData\Roaming\npm
USERNAME=us
OS=Windows_NT
PROCESSOR_IDENTIFIER=Intel64 Family 6 Model 140 Stepping 1, GenuineIntel
TMP=C:\Users\us\AppData\Local\Temp
TEMP=C:\Users\us\AppData\Local\Temp




Periodic native trim disabled

---------------  S Y S T E M  ---------------

OS:
 Windows 11 , 64 bit Build 26100 (10.0.26100.4768)
OS uptime: 3 days 20:32 hours
Hyper-V role detected

CPU: total 8 (initial active 8) (4 cores per cpu, 2 threads per core) family 6 model 140 stepping 1 microcode 0xb8, cx8, cmov, fxsr, ht, mmx, 3dnowpref, sse, sse2, sse3, ssse3, sse4.1, sse4.2, popcnt, lzcnt, tsc, tscinvbit, avx, avx2, aes, erms, clmul, bmi1, bmi2, adx, avx512f, avx512dq, avx512cd, avx512bw, avx512vl, sha, fma, vzeroupper, avx512_vpopcntdq, avx512_vpclmulqdq, avx512_vaes, avx512_vnni, clflush, clflushopt, clwb, avx512_vbmi2, avx512_vbmi, hv, rdtscp, rdpid, fsrm, gfni, avx512_bitalg, f16c, cet_ibt, cet_ss, avx512_ifma
Processor Information for the first 8 processors :
  Max Mhz: 1498, Current Mhz: 1498, Mhz Limit: 1498

Memory: 4k page, system-wide physical 16118M (1030M free)
TotalPageFile size 29750M (AvailPageFile size 3M)
current process WorkingSet (physical memory assigned to process): 1441M, peak: 1443M
current process commit charge ("private bytes"): 1378M, peak: 1383M

vm_info: OpenJDK 64-Bit Server VM (21.0.8+9-LTS) for windows-amd64 JRE (21.0.8+9-LTS), built on 2025-07-15T00:00:00Z by "admin" with MS VC++ 17.7 (VS2022)

END.
